SWF7

[ASnative.as debug-22403-05c7ba106]
PASSED: result == "false" [./ASnative.as:37]
PASSED: result == "true" [./ASnative.as:39]
PASSED: a(" ") == "%20" [./ASnative.as:42]
PASSED: a("%20") == " " [./ASnative.as:44]
PASSED: a("  566765s") == "566765" [./ASnative.as:46]
PASSED: a("8.4e6") == 8.4e6 [./ASnative.as:48]
PASSED: a(65, 1, 1, 1, 1, 1, 1) == Date.UTC(65, 1, 1, 1, 1, 1, 1) [./ASnative.as:54]
FAILED: expected: Date().valueOf() obtained: _level0 [./ASnative.as:57]
FAILED: expected: 'string' obtained: movieclip [./ASnative.as:59]
FAILED: expected: Date().valueOf() obtained: _level0 [./ASnative.as:61]
PASSED: typeOf(g.getMilliseconds) == 'undefined' [./ASnative.as:64]
PASSED: typeof(f) == 'object' [./ASnative.as:67]
PASSED: typeof(f.getMilliseconds()) == 'undefined' [./ASnative.as:68]
PASSED: typeof(f().getMilliseconds()) == 'undefined' [./ASnative.as:69]
PASSED: d.a() == d.getFullYear() [./ASnative.as:74]
PASSED: d.a() == d.getYear() [./ASnative.as:76]
PASSED: d.a() == d.getMonth() [./ASnative.as:78]
PASSED: d.a() == d.getDate() [./ASnative.as:80]
PASSED: d.a() == d.getDay() [./ASnative.as:82]
PASSED: d.a() == d.getHours() [./ASnative.as:84]
PASSED: d.a() == d.getMinutes() [./ASnative.as:86]
PASSED: d.a() == d.getSeconds() [./ASnative.as:88]
PASSED: d.a() == d.getMilliseconds() [./ASnative.as:90]
PASSED: d.a() == d.getTime() [./ASnative.as:92]
PASSED: d.a() == d.getTimezoneOffset() [./ASnative.as:94]
PASSED: d.a() == d.toString() [./ASnative.as:96]
PASSED: d.a() == d.getUTCFullYear() [./ASnative.as:98]
PASSED: d.a() == d.getUTCYear() [./ASnative.as:100]
PASSED: d.a() == d.getUTCMonth() [./ASnative.as:102]
PASSED: d.a() == d.getUTCDate() [./ASnative.as:104]
PASSED: d.a() == d.getUTCDay() [./ASnative.as:106]
PASSED: d.a() == d.getUTCHours() [./ASnative.as:108]
PASSED: d.a() == d.getUTCMinutes() [./ASnative.as:110]
PASSED: d.a() == d.getUTCSeconds() [./ASnative.as:112]
PASSED: d.a() == d.getUTCMilliseconds() [./ASnative.as:114]
PASSED: d.a() == d.getYear() [./ASnative.as:116]
FAILED: expected: 0.3 obtained: undefined [./ASnative.as:137]
FAILED: expected: 0.3 obtained: undefined [./ASnative.as:138]
FAILED: expected: 0.3 obtained: undefined [./ASnative.as:141]
FAILED: expected: 0.3 obtained: undefined [./ASnative.as:142]
FAILED: expected: 1.3 obtained: undefined [./ASnative.as:145]
FAILED: expected: 1.3 obtained: undefined [./ASnative.as:146]
FAILED: expected: "0.29552020666134" obtained: undefined [./ASnative.as:149]
FAILED: expected: "0.29552020666134" obtained: undefined [./ASnative.as:150]
FAILED: expected: "0.955336489125606" obtained: undefined [./ASnative.as:153]
FAILED: expected: "0.955336489125606" obtained: undefined [./ASnative.as:154]
FAILED: expected: "0.226798848053886" obtained: undefined [./ASnative.as:157]
FAILED: expected: "0.226798848053886" obtained: undefined [./ASnative.as:158]
FAILED: expected: "0.309336249609623" obtained: undefined [./ASnative.as:161]
FAILED: expected: "1.349858807576" obtained: undefined [./ASnative.as:163]
FAILED: expected: "-1.20397280432594" obtained: undefined [./ASnative.as:165]
FAILED: expected: "0.547722557505166" obtained: undefined [./ASnative.as:167]
FAILED: expected: 0 obtained: undefined [./ASnative.as:169]
FAILED: a(func) >= 0 && a(func < 1) [./ASnative.as:171]
FAILED: expected: 0 obtained: undefined [./ASnative.as:173]
FAILED: expected: 1 obtained: undefined [./ASnative.as:175]
FAILED: expected: "0.291456794477867" obtained: undefined [./ASnative.as:177]
FAILED: expected: "0.304692654015398" obtained: undefined [./ASnative.as:179]
FAILED: expected: "1.2661036727795" obtained: undefined [./ASnative.as:181]
FAILED: expected: "0.209053590580785" obtained: undefined [./ASnative.as:183]
FAILED: expected: false obtained: undefined [./ASnative.as:185]
FAILED: expected: true obtained: undefined [./ASnative.as:187]
FAILED: expected: 25 obtained: 9 [./ASnative.as:189]
PASSED: countTS == 0 [./ASnative.as:190]
FAILED: expected: "_LEVEL0" obtained: undefined [./ASnative.as:195]
FAILED: expected: "_LEVEL0" obtained: undefined [./ASnative.as:197]
PASSED: countTS == 0 [./ASnative.as:203]
FAILED: expected: "GNASH MUST WORK! ÖÜÄÄ€€" obtained: undefined [./ASnative.as:207]
FAILED: expected: "gnash must work! öüää€€" obtained: undefined [./ASnative.as:210]
FAILED: expected: 2 obtained: 0 [./ASnative.as:213]
FAILED: expected: "GNASH MUST WORK! öÜäÄ€€" obtained: undefined [./ASnative.as:217]
FAILED: expected: "gnash must work! öÜäÄ€€" obtained: undefined [./ASnative.as:220]
FAILED: expected: 4 obtained: 0 [./ASnative.as:224]
FAILED: expected: "exactFit" obtained: undefined [./ASnative.as:233]
FAILED: expected: "LRB" obtained: undefined [./ASnative.as:239]
FAILED: expected: 640 obtained: undefined [./ASnative.as:245]
FAILED: expected: 480 obtained: undefined [./ASnative.as:251]
FAILED: expected: 4 obtained: 0 [./ASnative.as:258]
FAILED: expected: 25 obtained: 9 [./ASnative.as:263]
FAILED: expected: "null" obtained: undefined [./ASnative.as:269]
PASSED: typeof(f.data) == "undefined" [./ASnative.as:273]
FAILED: expected: true obtained: undefined [./ASnative.as:275]
FAILED: expected: "object" obtained: undefined [./ASnative.as:276]
FAILED: a != b [./ASnative.as:284]
FAILED: expected: "function" obtained: undefined [./ASnative.as:295]
FAILED: expected: "object" obtained: undefined [./ASnative.as:296]
PASSED: obj.__proto__ == f.prototype [./ASnative.as:302]
FAILED: obj.__proto__ != Number.prototype [./ASnative.as:304]
FAILED: expected: "object" obtained: undefined [./ASnative.as:309]
FAILED: expected: "6" obtained: undefined [./ASnative.as:310]
FAILED: expected: "object" obtained: undefined [./ASnative.as:314]
PASSED: obj.toString() == undefined [./ASnative.as:315]
FAILED: expected: "6" obtained: undefined [./ASnative.as:319]
FAILED: expected: "function" obtained: undefined [./ASnative.as:322]
PASSED: typeof(g.prototype) == "undefined" [./ASnative.as:323]
FAILED: expected: "function" obtained: undefined [./ASnative.as:329]
FAILED: expected: "object" obtained: undefined [./ASnative.as:330]
FAILED: expected: "object" obtained: undefined [./ASnative.as:332]
PASSED: obj.toString() == undefined [./ASnative.as:333]
PASSED: obj.toString() == undefined [./ASnative.as:336]
FAILED: expected: "function" obtained: undefined [./ASnative.as:343]
FAILED: expected: "object" obtained: undefined [./ASnative.as:344]
PASSED: typeof(g) == "undefined" [./ASnative.as:347]
PASSED: typeof(g.prototype) == "undefined" [./ASnative.as:348]
#passed: 43
#failed: 61
#total tests run: 104
