SWF6

[ debug-22403-05c7ba106]
PASSED: tf.text == "<b>bold</b>" [./TextFieldHTML.as:34]
PASSED: tf.text == "<i>italic</i>" [./TextFieldHTML.as:36]
PASSED: tf.text == "<i>italic</i>" [./TextFieldHTML.as:40]
PASSED: tf.text == "<b>bold</b>" [./TextFieldHTML.as:44]
PASSED: tf.text == "italic" [./TextFieldHTML.as:46]
PASSED: tf.text == "<font>font</font>" [./TextFieldHTML.as:53]
PASSED: tf.htmlText == "<font>font</font>" [./TextFieldHTML.as:56]
FAILED: expected: '<P ALIGN="LEFT"><FONT FACE="Times" SIZE="12" COLOR="#000000" LETTERSPACING="0" KERNING="0">&lt;font&gt;font&lt;/font&gt;</FONT></P>' obtained: <P ALIGN="LEFT"><FONT FACE="Times New Roman" SIZE="12" COLOR="#000000" LETTERSPACING="0" KERNING="0">&lt;font&gt;font&lt;/font&gt;</FONT></P> [./TextFieldHTML.as:61]
PASSED: tf.text == "green" [./TextFieldHTML.as:67]
PASSED: tf.textColor == 0 [./TextFieldHTML.as:69]
PASSED: format.color == 0x00ff00 [./TextFieldHTML.as:72]
PASSED: tf.text == "" [./TextFieldHTML.as:76]
FAILED: expected: 0 obtained:  [./TextFieldHTML.as:78]
PASSED: tf.text == "blue" [./TextFieldHTML.as:82]
FAILED: expected: 0 obtained:  [./TextFieldHTML.as:84]
PASSED: format.color == 0x0000ff [./TextFieldHTML.as:86]
PASSED: tf.text == "too short" [./TextFieldHTML.as:94]
FAILED: expected: 0x0000ff obtained: 0 [./TextFieldHTML.as:96]
PASSED: tf.text == "a bit short" [./TextFieldHTML.as:100]
FAILED: expected: 0x000ff0 obtained: 0 [./TextFieldHTML.as:102]
PASSED: tf.text == "no hash" [./TextFieldHTML.as:106]
PASSED: format.color == 0 [./TextFieldHTML.as:108]
PASSED: tf.text == "no hash 2" [./TextFieldHTML.as:111]
PASSED: format.color == 0 [./TextFieldHTML.as:113]
PASSED: tf.text == "empty" [./TextFieldHTML.as:116]
PASSED: format.color == 0 [./TextFieldHTML.as:118]
PASSED: tf.text == "long" [./TextFieldHTML.as:122]
FAILED: expected: 0xffffee obtained: 16711935 [./TextFieldHTML.as:124]
PASSED: tf.text == "corrupt" [./TextFieldHTML.as:128]
FAILED: expected: 0x00ff00 obtained: 0 [./TextFieldHTML.as:130]
PASSED: tf.text == "#32508" [./TextFieldHTML.as:134]
#passed: 24
#failed: 7
#total tests run: 31
