SWF5

[setProperty.as debug-22403-05c7ba106]
PASSED: _root._x == 100 [./setProperty.as:89]
PASSED: _root._x == 0 [./setProperty.as:93]
FAILED: expected: -107374182.4 obtained: 100 [./setProperty.as:96]
FAILED: expected: -107374182.4 obtained: 100 [./setProperty.as:98]
PASSED: _root._y == 100 [./setProperty.as:104]
PASSED: _root._y == 0 [./setProperty.as:108]
FAILED: expected: -107374182.4 obtained: 100 [./setProperty.as:111]
FAILED: expected: -107374182.4 obtained: 100 [./setProperty.as:113]
PASSED: _root._xscale == 100 [./setProperty.as:118]
PASSED: _root._xscale == 0 [./setProperty.as:122]
FAILED: expected: Infinity obtained: 100 [./setProperty.as:125]
FAILED: expected: -Infinity obtained: 100 [./setProperty.as:127]
PASSED: _root._yscale == 100 [./setProperty.as:132]
PASSED: _root._yscale == 0 [./setProperty.as:136]
FAILED: expected: Infinity obtained: 100 [./setProperty.as:139]
FAILED: expected: -Infinity obtained: 100 [./setProperty.as:141]
PASSED: _root._alpha == 100 [./setProperty.as:146]
PASSED: _root._alpha == 0 [./setProperty.as:150]
FAILED: expected: -12800 obtained: 100 [./setProperty.as:153]
PASSED: typeof(_root._visible) == 'boolean' [./setProperty.as:156]
PASSED: _root._visible == true [./setProperty.as:157]
PASSED: typeof(_root._visible) == 'boolean' [./setProperty.as:160]
PASSED: _root._visible == true [./setProperty.as:161]
PASSED: typeof(_root._visible) == 'boolean' [./setProperty.as:165]
PASSED: _root._visible == true [./setProperty.as:166]
PASSED: typeof(_root._visible) == 'boolean' [./setProperty.as:169]
PASSED: _root._visible == false [./setProperty.as:170]
PASSED: _root._visible == true [./setProperty.as:173]
PASSED: _root._rotation == 90 [./setProperty.as:181]
PASSED: _root._rotation == 0 [./setProperty.as:185]
FAILED: isNaN(_root._rotation) [./setProperty.as:187]
PASSED: typeof(mc2) == 'undefined' [./setProperty.as:202]
FAILED: expected: mc3 obtained: 0 [./setProperty.as:228]
FAILED: expected: "/mc3" obtained: 0 [./setProperty.as:233]
PASSED: this == obj [./setProperty.as:277]
PASSED: checkpoint == "var_in_root" [./setProperty.as:280]
FAILED: Tests run 36 (expected 46) [ [./setProperty.as:284]]
#passed: 24
#failed: 13
#total tests run: 37
